INFO - 2025-03-17 00:01:52,697 - middlewares - [2025-03-17 00:01:52.697329] GET /admin/MasterModels/cobertura/ - IP: 127.0.0.1
INFO - 2025-03-17 00:01:52,699 - middlewares - Headers: {'HTTP_HOST': '127.0.0.1:8000', 'HTTP_CONNECTION': 'keep-alive', 'HTTP_SEC_CH_UA': '"Chromium";v="134", "Not:A-Brand";v="24", "Brave";v="134"', 'HTTP_SEC_CH_UA_MOBILE': '?0', 'HTTP_SEC_CH_UA_PLATFORM': '"Windows"', 'HTTP_UPGRADE_INSECURE_REQUESTS': '1', 'HTTP_USER_AGENT': 'Mozilla/5.0 (Windows NT 10.0; Win64; x64) AppleWebKit/537.36 (KHTML, like Gecko) Chrome/134.0.0.0 Safari/537.36', 'HTTP_ACCEPT': 'text/html,application/xhtml+xml,application/xml;q=0.9,image/avif,image/webp,image/apng,*/*;q=0.8', 'HTTP_SEC_GPC': '1', 'HTTP_ACCEPT_LANGUAGE': 'es-ES,es;q=0.5', 'HTTP_SEC_FETCH_SITE': 'same-origin', 'HTTP_SEC_FETCH_MODE': 'navigate', 'HTTP_SEC_FETCH_USER': '?1', 'HTTP_SEC_FETCH_DEST': 'document', 'HTTP_REFERER': 'http://127.0.0.1:8000/admin/', 'HTTP_ACCEPT_ENCODING': 'gzip, deflate, br, zstd', 'HTTP_COOKIE': 'csrftoken=HbqsO3s5WFtNIAxDAy9NifJ3T6xjkYgc; sessionid=th0u19k45swxrw0n3szagym7xg7klm6n'}
INFO - 2025-03-17 00:01:52,699 - middlewares - Request Body: None
INFO - 2025-03-17 00:01:52,736 - middlewares - [2025-03-17 00:01:52.736331] Respuesta GET /admin/MasterModels/cobertura/ - Status: 200
INFO - 2025-03-17 00:01:52,736 - middlewares - Response Body: <!DOCTYPE html>

<html lang="en-us" dir="ltr">
<head>
<title>Select Cobertura to change | Django site admin</title>
<link rel="stylesheet" href="/static/admin/css/base.css">

  <link rel="stylesheet" href="/static/admin/css/dark_mode.css">
  <script src="/static/admin/js/theme.js"></script>


  <link rel="stylesheet" href="/static/admin/css/nav_sidebar.css">
  <script src="/static/admin/js/nav_sidebar.js" defer></script>


  
  <link rel="stylesheet" href="/static/admin/css/changelists.css">
  
  
    <script src="/admin/jsi18n/"></script>
  
  
  




<script src="/static/admin/js/vendor/jquery/jquery.js"></script>
<script src="/static/admin/js/jquery.init.js"></script>
<script src="/static/admin/js/core.js"></script>
<script src="/static/admin/js/admin/RelatedObjectLookups.js"></script>
<script src="/static/admin/js/actions.js"></script>
<script src="/static/admin/js/urlify.js"></script>
<script src="/static/admin/js/prepopulate.js"></script>
<script src="/static/admin/js/vendor/xregexp/xregexp.js"></script>
<script src="/static/admin/js/filters.js" defer></script>


    <meta name="viewport" content="width=device-width, initial-scale=1.0">
    <link rel="stylesheet" href="/static/admin/css/responsive.css">
    

<meta name="robots" content="NONE,NOARCHIVE">
</head>

<body class=" app-MasterModels model-cobertura change-list"
  data-admin-utc-offset="0">
<a href="#content-start" class="skip-to-content-link">Skip to main content</a>
<!-- Container -->
<div id="container">

    
    <!-- Header -->
    
      <header id="header">
        <div id="branding">
        
<div id="site-name"><a href="/admin/">Django administration</a></div>


        </div>
        
        
        <div id="user-tools">
            
                Welcome,
                <strong>admin</strong>.
            
            
                
                    <a href="/">View site</a> /
                
                
                    
                    
                
                
                <a href="/admin/password_change/">Change password</a> /
                
                <form id="logout-form" method="post" action="/admin/logout/">
                    <input type="hidden" name="csrfmiddlewaretoken" value="3QdfjbBaaCAOYNYVfJUq9tM9WQHXUJJOARtxX4T5W7TrwdloF7T3hyl2FM464xPQ">
                    <button type="submit">Log out</button>
                </form>
                
<button class="theme-toggle">
  <span class="visually-hidden theme-label-when-auto">Toggle theme (current theme: auto)</span>
  <span class="visually-hidden theme-label-when-light">Toggle theme (current theme: light)</span>
  <span class="visually-hidden theme-label-when-dark">Toggle theme (current theme: dark)</span>
  <svg aria-hidden="true" class="theme-icon-when-auto">
    <use xlink:href="#icon-auto" />
  </svg>
  <svg aria-hidden="true" class="theme-icon-when-dark">
    <use xlink:href="#icon-moon" />
  </svg>
  <svg aria-hidden="true" class="theme-icon-when-light">
    <use xlink:href="#icon-sun" />
  </svg>
</button>

            
        </div>
        
        
        
      </header>
    
    <!-- END Header -->
    
      <nav aria-label="Breadcrumbs">
        
<div class="breadcrumbs">
<a href="/admin/">Home</a>
&rsaquo; <a href="/admin/MasterModels/">Mastermodels</a>
&rsaquo; GRAL - Coberturas
</div>

      </nav>
    
    

    <div class="main" id="main">
      
        
          
<button class="sticky toggle-nav-sidebar" id="toggle-nav-sidebar" aria-label="Toggle navigation"></button>
<nav class="sticky" id="nav-sidebar" aria-label="Sidebar">
  <input type="search" id="nav-filter"
         placeholder="Start typing to filter…"
         aria-label="Filter navigation items">
  


  
    <div class="app-authtoken module">
      <table>
        <caption>
          <a href="/admin/authtoken/" class="section" title="Models in the Auth Token application">Auth Token</a>
        </caption>
        
          
            <tr class="model-tokenproxy">
              <th scope="row" id="authtoken-tokenproxy">
                
                  <a href="/admin/authtoken/tokenproxy/">Tokens</a>
                
              </th>

              
                <td><a href="/admin/authtoken/tokenproxy/add/" class="addlink" aria-describedby="authtoken-tokenproxy">Add</a></td>
              

              
            </tr>
          
        
      </table>
    </div>
  
    <div class="app-auth module">
      <table>
        <caption>
          <a href="/admin/auth/" class="section" title="Models in the Authentication and Authorization application">Authentication and Authorization</a>
        </caption>
        
          
            <tr class="model-group">
              <th scope="row" id="auth-group">
                
                  <a href="/admin/auth/group/">Groups</a>
                
              </th>

              
                <td><a href="/admin/auth/group/add/" class="addlink" aria-describedby="auth-group">Add</a></td>
              

              
            </tr>
          
        
          
            <tr class="model-user">
              <th scope="row" id="auth-user">
                
                  <a href="/admin/auth/user/">Users</a>
                
              </th>

              
                <td><a href="/admin/auth/user/add/" class="addlink" aria-describedby="auth-user">Add</a></td>
              

              
            </tr>
          
        
      </table>
    </div>
  
    <div class="app-MasterModels module current-app">
      <table>
        <caption>
          <a href="/admin/MasterModels/" class="section" title="Models in the Mastermodels application">Mastermodels</a>
        </caption>
        
          
            <tr class="model-centro">
              <th scope="row" id="MasterModels-centro">
                
                  <a href="/admin/MasterModels/centro/">GRAL - Centros</a>
                
              </th>

              
                <td><a href="/admin/MasterModels/centro/add/" class="addlink" aria-describedby="MasterModels-centro">Add</a></td>
              

              
            </tr>
          
        
          
            <tr class="model-cobertura current-model">
              <th scope="row" id="MasterModels-cobertura">
                
                  <a href="/admin/MasterModels/cobertura/" aria-current="page">GRAL - Coberturas</a>
                
              </th>

              
                <td><a href="/admin/MasterModels/cobertura/add/" class="addlink" aria-describedby="MasterModels-cobertura">Add</a></td>
              

              
            </tr>
          
        
          
            <tr class="model-especialidad">
              <th scope="row" id="MasterModels-especialidad">
                
                  <a href="/admin/MasterModels/especialidad/">GRAL - Especialidad</a>
                
              </th>

              
                <td><a href="/admin/MasterModels/especialidad/add/" class="addlink" aria-describedby="MasterModels-especialidad">Add</a></td>
              

              
            </tr>
          
        
          
            <tr class="model-persona">
              <th scope="row" id="MasterModels-persona">
                
                  <a href="/admin/MasterModels/persona/">GRAL - Personas</a>
                
              </th>

              
                <td><a href="/admin/MasterModels/persona/add/" class="addlink" aria-describedby="MasterModels-persona">Add</a></td>
              

              
            </tr>
          
        
          
            <tr class="model-coberturaplan">
              <th scope="row" id="MasterModels-coberturaplan">
                
                  <a href="/admin/MasterModels/coberturaplan/">GRAL - Planes por Cobertura</a>
                
              </th>

              
                <td><a href="/admin/MasterModels/coberturaplan/add/" class="addlink" aria-describedby="MasterModels-coberturaplan">Add</a></td>
              

              
            </tr>
          
        
          
            <tr class="model-especialidadpractica">
              <th scope="row" id="MasterModels-especialidadpractica">
                
                  <a href="/admin/MasterModels/especialidadpractica/">GRAL - Practica por Especialidad</a>
                
              </th>

              
                <td><a href="/admin/MasterModels/especialidadpractica/add/" class="addlink" aria-describedby="MasterModels-especialidadpractica">Add</a></td>
              

              
            </tr>
          
        
          
            <tr class="model-practica">
              <th scope="row" id="MasterModels-practica">
                
                  <a href="/admin/MasterModels/practica/">GRAL - Practicas</a>
                
              </th>

              
                <td><a href="/admin/MasterModels/practica/add/" class="addlink" aria-describedby="MasterModels-practica">Add</a></td>
              

              
            </tr>
          
        
          
            <tr class="model-practicaplan">
              <th scope="row" id="MasterModels-practicaplan">
                
                  <a href="/admin/MasterModels/practicaplan/">GRAL - Practicas por Plan</a>
                
              </th>

              
                <td><a href="/admin/MasterModels/practicaplan/add/" class="addlink" aria-describedby="MasterModels-practicaplan">Add</a></td>
              

              
            </tr>
          
        
      </table>
    </div>
  


</nav>

        
      
      <main id="content-start" class="content" tabindex="-1">
        
          
        
        <!-- Content -->
        <div id="content" class="">
          
          <h1>Select Cobertura to change</h1>
          
          
  <div id="content-main">
    
        <ul class="object-tools">
          
            


  
  <li>
    
    <a href="/admin/MasterModels/cobertura/add/" class="addlink">
      Add Cobertura
    </a>
  </li>
  


          
        </ul>
    
    
    <div class="module" id="changelist">
      <div class="changelist-form-container">
        


        

        <form id="changelist-form" method="post" novalidate><input type="hidden" name="csrfmiddlewaretoken" value="3QdfjbBaaCAOYNYVfJUq9tM9WQHXUJJOARtxX4T5W7TrwdloF7T3hyl2FM464xPQ">
        

        
          
<div class="actions">
  
    
    <label>Action: <select name="action" required>
  <option value="" selected>---------</option>

  <option value="delete_selected">Delete selected GRAL - Coberturas</option>

</select></label><input type="hidden" name="select_across" value="0" class="select-across">
    
    
    <button type="submit" class="button" title="Run the selected action" name="index" value="0">Go</button>
    
    
    
        <span class="action-counter" data-actions-icnt="5">0 of 5 selected</span>
        
    
    
  
</div>

          


<div class="results">
<table id="result_list">
<thead>
<tr>

<th scope="col" class="action-checkbox-column">
   
   <div class="text"><span><input type="checkbox" id="action-toggle" aria-label="Select all objects on this page for an action"></span></div>
   <div class="clear"></div>
</th>
<th scope="col" class="sortable column-__str__">
   
   <div class="text"><a href="?o=1">Cobertura</a></div>
   <div class="clear"></div>
</th>
</tr>
</thead>
<tbody>


<tr><td class="action-checkbox"><input type="checkbox" name="_selected_action" value="5" class="action-select" aria-label="Select this object for an action - MEF, Medife"></td><th class="field-__str__"><a href="/admin/MasterModels/cobertura/5/change/">MEF, Medife</a></th></tr>


<tr><td class="action-checkbox"><input type="checkbox" name="_selected_action" value="4" class="action-select" aria-label="Select this object for an action - SWI, Swiss Medical"></td><th class="field-__str__"><a href="/admin/MasterModels/cobertura/4/change/">SWI, Swiss Medical</a></th></tr>


<tr><td class="action-checkbox"><input type="checkbox" name="_selected_action" value="3" class="action-select" aria-label="Select this object for an action - MED, Medicus"></td><th class="field-__str__"><a href="/admin/MasterModels/cobertura/3/change/">MED, Medicus</a></th></tr>


<tr><td class="action-checkbox"><input type="checkbox" name="_selected_action" value="2" class="action-select" aria-label="Select this object for an action - OSD, OSDE Binario"></td><th class="field-__str__"><a href="/admin/MasterModels/cobertura/2/change/">OSD, OSDE Binario</a></th></tr>


<tr><td class="action-checkbox"><input type="checkbox" name="_selected_action" value="1" class="action-select" aria-label="Select this object for an action - SAN, Sancor Salud"></td><th class="field-__str__"><a href="/admin/MasterModels/cobertura/1/change/">SAN, Sancor Salud</a></th></tr>

</tbody>
</table>
</div>


          
        
        

<p class="paginator">

5 GRAL - Coberturas


</p>

        </form>
      </div>
      
        
      
    </div>
  </div>

          
          <br class="clear">
        </div>
        <!-- END Content -->
      </main>
    </div>
    <footer id="footer"></footer>
</div>
<!-- END Container -->

<!-- SVGs -->
<svg xmlns="http://www.w3.org/2000/svg" class="base-svgs">
  <symbol viewBox="0 0 24 24" width="1rem" height="1rem" id="icon-auto"><path d="M0 0h24v24H0z" fill="currentColor"/><path d="M12 22C6.477 22 2 17.523 2 12S6.477 2 12 2s10 4.477 10 10-4.477 10-10 10zm0-2V4a8 8 0 1 0 0 16z"/></symbol>
  <symbol viewBox="0 0 24 24" width="1rem" height="1rem" id="icon-moon"><path d="M0 0h24v24H0z" fill="currentColor"/><path d="M10 7a7 7 0 0 0 12 4.9v.1c0 5.523-4.477 10-10 10S2 17.523 2 12 6.477 2 12 2h.1A6.979 6.979 0 0 0 10 7zm-6 5a8 8 0 0 0 15.062 3.762A9 9 0 0 1 8.238 4.938 7.999 7.999 0 0 0 4 12z"/></symbol>
  <symbol viewBox="0 0 24 24" width="1rem" height="1rem" id="icon-sun"><path d="M0 0h24v24H0z" fill="currentColor"/><path d="M12 18a6 6 0 1 1 0-12 6 6 0 0 1 0 12zm0-2a4 4 0 1 0 0-8 4 4 0 0 0 0 8zM11 1h2v3h-2V1zm0 19h2v3h-2v-3zM3.515 4.929l1.414-1.414L7.05 5.636 5.636 7.05 3.515 4.93zM16.95 18.364l1.414-1.414 2.121 2.121-1.414 1.414-2.121-2.121zm2.121-14.85l1.414 1.415-2.121 2.121-1.414-1.414 2.121-2.121zM5.636 16.95l1.414 1.414-2.121 2.121-1.414-1.414 2.121-2.121zM23 11v2h-3v-2h3zM4 11v2H1v-2h3z"/></symbol>
</svg>
<!-- END SVGs -->
</body>
</html>

INFO - 2025-03-17 00:01:52,737 - basehttp - "GET /admin/MasterModels/cobertura/ HTTP/1.1" 200 14458
INFO - 2025-03-17 00:01:52,773 - middlewares - [2025-03-17 00:01:52.773564] GET /admin/jsi18n/ - IP: 127.0.0.1
INFO - 2025-03-17 00:01:52,773 - middlewares - Headers: {'HTTP_HOST': '127.0.0.1:8000', 'HTTP_CONNECTION': 'keep-alive', 'HTTP_SEC_CH_UA_PLATFORM': '"Windows"', 'HTTP_USER_AGENT': 'Mozilla/5.0 (Windows NT 10.0; Win64; x64) AppleWebKit/537.36 (KHTML, like Gecko) Chrome/134.0.0.0 Safari/537.36', 'HTTP_SEC_CH_UA': '"Chromium";v="134", "Not:A-Brand";v="24", "Brave";v="134"', 'HTTP_SEC_CH_UA_MOBILE': '?0', 'HTTP_ACCEPT': '*/*', 'HTTP_SEC_GPC': '1', 'HTTP_ACCEPT_LANGUAGE': 'es-ES,es;q=0.5', 'HTTP_SEC_FETCH_SITE': 'same-origin', 'HTTP_SEC_FETCH_MODE': 'no-cors', 'HTTP_SEC_FETCH_DEST': 'script', 'HTTP_REFERER': 'http://127.0.0.1:8000/admin/MasterModels/cobertura/', 'HTTP_ACCEPT_ENCODING': 'gzip, deflate, br, zstd', 'HTTP_COOKIE': 'csrftoken=HbqsO3s5WFtNIAxDAy9NifJ3T6xjkYgc; sessionid=th0u19k45swxrw0n3szagym7xg7klm6n'}
INFO - 2025-03-17 00:01:52,774 - middlewares - Request Body: None
INFO - 2025-03-17 00:01:52,788 - middlewares - [2025-03-17 00:01:52.788735] Respuesta GET /admin/jsi18n/ - Status: 200
INFO - 2025-03-17 00:01:52,788 - middlewares - Response Body: 
'use strict';
{
  const globals = this;
  const django = globals.django || (globals.django = {});

  
  django.pluralidx = function(count) { return (count == 1) ? 0 : 1; };
  

  /* gettext library */

  django.catalog = django.catalog || {};
  

  if (!django.jsi18n_initialized) {
    django.gettext = function(msgid) {
      const value = django.catalog[msgid];
      if (typeof value === 'undefined') {
        return msgid;
      } else {
        return (typeof value === 'string') ? value : value[0];
      }
    };

    django.ngettext = function(singular, plural, count) {
      const value = django.catalog[singular];
      if (typeof value === 'undefined') {
        return (count == 1) ? singular : plural;
      } else {
        return value.constructor === Array ? value[django.pluralidx(count)] : value;
      }
    };

    django.gettext_noop = function(msgid) { return msgid; };

    django.pgettext = function(context, msgid) {
      let value = django.gettext(context + '\x04' + msgid);
      if (value.includes('\x04')) {
        value = msgid;
      }
      return value;
    };

    django.npgettext = function(context, singular, plural, count) {
      let value = django.ngettext(context + '\x04' + singular, context + '\x04' + plural, count);
      if (value.includes('\x04')) {
        value = django.ngettext(singular, plural, count);
      }
      return value;
    };

    django.interpolate = function(fmt, obj, named) {
      if (named) {
        return fmt.replace(/%\(\w+\)s/g, function(match){return String(obj[match.slice(2,-2)])});
      } else {
        return fmt.replace(/%s/g, function(match){return String(obj.shift())});
      }
    };


    /* formatting library */

    django.formats = {
    "DATETIME_FORMAT": "N j, Y, P",
    "DATETIME_INPUT_FORMATS": [
      "%Y-%m-%d %H:%M:%S",
      "%Y-%m-%d %H:%M:%S.%f",
      "%Y-%m-%d %H:%M",
      "%m/%d/%Y %H:%M:%S",
      "%m/%d/%Y %H:%M:%S.%f",
      "%m/%d/%Y %H:%M",
      "%m/%d/%y %H:%M:%S",
      "%m/%d/%y %H:%M:%S.%f",
      "%m/%d/%y %H:%M",
      "%Y-%m-%d"
    ],
    "DATE_FORMAT": "N j, Y",
    "DATE_INPUT_FORMATS": [
      "%Y-%m-%d",
      "%m/%d/%Y",
      "%m/%d/%y",
      "%b %d %Y",
      "%b %d, %Y",
      "%d %b %Y",
      "%d %b, %Y",
      "%B %d %Y",
      "%B %d, %Y",
      "%d %B %Y",
      "%d %B, %Y"
    ],
    "DECIMAL_SEPARATOR": ".",
    "FIRST_DAY_OF_WEEK": 0,
    "MONTH_DAY_FORMAT": "F j",
    "NUMBER_GROUPING": 3,
    "SHORT_DATETIME_FORMAT": "m/d/Y P",
    "SHORT_DATE_FORMAT": "m/d/Y",
    "THOUSAND_SEPARATOR": ",",
    "TIME_FORMAT": "P",
    "TIME_INPUT_FORMATS": [
      "%H:%M:%S",
      "%H:%M:%S.%f",
      "%H:%M"
    ],
    "YEAR_MONTH_FORMAT": "F Y"
  };

    django.get_format = function(format_type) {
      const value = django.formats[format_type];
      if (typeof value === 'undefined') {
        return format_type;
      } else {
        return value;
      }
    };

    /* add to global namespace */
    globals.pluralidx = django.pluralidx;
    globals.gettext = django.gettext;
    globals.ngettext = django.ngettext;
    globals.gettext_noop = django.gettext_noop;
    globals.pgettext = django.pgettext;
    globals.npgettext = django.npgettext;
    globals.interpolate = django.interpolate;
    globals.get_format = django.get_format;

    django.jsi18n_initialized = true;
  }
};


INFO - 2025-03-17 00:01:52,788 - basehttp - "GET /admin/jsi18n/ HTTP/1.1" 200 3342
INFO - 2025-03-17 00:01:56,936 - middlewares - [2025-03-17 00:01:56.936510] GET /admin/ - IP: 127.0.0.1
INFO - 2025-03-17 00:01:56,937 - middlewares - Headers: {'HTTP_HOST': '127.0.0.1:8000', 'HTTP_CONNECTION': 'keep-alive', 'HTTP_SEC_CH_UA': '"Chromium";v="134", "Not:A-Brand";v="24", "Brave";v="134"', 'HTTP_SEC_CH_UA_MOBILE': '?0', 'HTTP_SEC_CH_UA_PLATFORM': '"Windows"', 'HTTP_UPGRADE_INSECURE_REQUESTS': '1', 'HTTP_USER_AGENT': 'Mozilla/5.0 (Windows NT 10.0; Win64; x64) AppleWebKit/537.36 (KHTML, like Gecko) Chrome/134.0.0.0 Safari/537.36', 'HTTP_ACCEPT': 'text/html,application/xhtml+xml,application/xml;q=0.9,image/avif,image/webp,image/apng,*/*;q=0.8', 'HTTP_SEC_GPC': '1', 'HTTP_ACCEPT_LANGUAGE': 'es-ES,es;q=0.5', 'HTTP_SEC_FETCH_SITE': 'none', 'HTTP_SEC_FETCH_MODE': 'navigate', 'HTTP_SEC_FETCH_USER': '?1', 'HTTP_SEC_FETCH_DEST': 'document', 'HTTP_ACCEPT_ENCODING': 'gzip, deflate, br, zstd', 'HTTP_COOKIE': 'csrftoken=HbqsO3s5WFtNIAxDAy9NifJ3T6xjkYgc; sessionid=th0u19k45swxrw0n3szagym7xg7klm6n'}
INFO - 2025-03-17 00:01:56,937 - middlewares - Request Body: None
INFO - 2025-03-17 00:01:56,955 - middlewares - [2025-03-17 00:01:56.955105] Respuesta GET /admin/ - Status: 200
INFO - 2025-03-17 00:01:56,955 - middlewares - Response Body: <!DOCTYPE html>

<html lang="en-us" dir="ltr">
<head>
<title>Site administration | Django site admin</title>
<link rel="stylesheet" href="/static/admin/css/base.css">

  <link rel="stylesheet" href="/static/admin/css/dark_mode.css">
  <script src="/static/admin/js/theme.js"></script>


  <link rel="stylesheet" href="/static/admin/css/nav_sidebar.css">
  <script src="/static/admin/js/nav_sidebar.js" defer></script>

<link rel="stylesheet" href="/static/admin/css/dashboard.css">



    <meta name="viewport" content="width=device-width, initial-scale=1.0">
    <link rel="stylesheet" href="/static/admin/css/responsive.css">
    

<meta name="robots" content="NONE,NOARCHIVE">
</head>

<body class=" dashboard"
  data-admin-utc-offset="0">
<a href="#content-start" class="skip-to-content-link">Skip to main content</a>
<!-- Container -->
<div id="container">

    
    <!-- Header -->
    
      <header id="header">
        <div id="branding">
        
<div id="site-name"><a href="/admin/">Django administration</a></div>


        </div>
        
        
        <div id="user-tools">
            
                Welcome,
                <strong>admin</strong>.
            
            
                
                    <a href="/">View site</a> /
                
                
                    
                    
                
                
                <a href="/admin/password_change/">Change password</a> /
                
                <form id="logout-form" method="post" action="/admin/logout/">
                    <input type="hidden" name="csrfmiddlewaretoken" value="hLnMGV6TkMvLZTzJb63YtGbBnScuppQFOMD4kOoO6hOoxjWcBu2BBLKu6OzDzdWH">
                    <button type="submit">Log out</button>
                </form>
                
<button class="theme-toggle">
  <span class="visually-hidden theme-label-when-auto">Toggle theme (current theme: auto)</span>
  <span class="visually-hidden theme-label-when-light">Toggle theme (current theme: light)</span>
  <span class="visually-hidden theme-label-when-dark">Toggle theme (current theme: dark)</span>
  <svg aria-hidden="true" class="theme-icon-when-auto">
    <use xlink:href="#icon-auto" />
  </svg>
  <svg aria-hidden="true" class="theme-icon-when-dark">
    <use xlink:href="#icon-moon" />
  </svg>
  <svg aria-hidden="true" class="theme-icon-when-light">
    <use xlink:href="#icon-sun" />
  </svg>
</button>

            
        </div>
        
        
        
      </header>
    
    <!-- END Header -->
    
    

    <div class="main" id="main">
      
        
      
      <main id="content-start" class="content" tabindex="-1">
        
          
        
        <!-- Content -->
        <div id="content" class="colMS">
          
          <h1>Site administration</h1>
          
          
<div id="content-main">
  


  
    <div class="app-authtoken module">
      <table>
        <caption>
          <a href="/admin/authtoken/" class="section" title="Models in the Auth Token application">Auth Token</a>
        </caption>
        
          
            <tr class="model-tokenproxy">
              <th scope="row" id="authtoken-tokenproxy">
                
                  <a href="/admin/authtoken/tokenproxy/">Tokens</a>
                
              </th>

              
                <td><a href="/admin/authtoken/tokenproxy/add/" class="addlink" aria-describedby="authtoken-tokenproxy">Add</a></td>
              

              
                
                  <td><a href="/admin/authtoken/tokenproxy/" class="changelink" aria-describedby="authtoken-tokenproxy">Change</a></td>
                
              
            </tr>
          
        
      </table>
    </div>
  
    <div class="app-auth module">
      <table>
        <caption>
          <a href="/admin/auth/" class="section" title="Models in the Authentication and Authorization application">Authentication and Authorization</a>
        </caption>
        
          
            <tr class="model-group">
              <th scope="row" id="auth-group">
                
                  <a href="/admin/auth/group/">Groups</a>
                
              </th>

              
                <td><a href="/admin/auth/group/add/" class="addlink" aria-describedby="auth-group">Add</a></td>
              

              
                
                  <td><a href="/admin/auth/group/" class="changelink" aria-describedby="auth-group">Change</a></td>
                
              
            </tr>
          
        
          
            <tr class="model-user">
              <th scope="row" id="auth-user">
                
                  <a href="/admin/auth/user/">Users</a>
                
              </th>

              
                <td><a href="/admin/auth/user/add/" class="addlink" aria-describedby="auth-user">Add</a></td>
              

              
                
                  <td><a href="/admin/auth/user/" class="changelink" aria-describedby="auth-user">Change</a></td>
                
              
            </tr>
          
        
      </table>
    </div>
  
    <div class="app-MasterModels module">
      <table>
        <caption>
          <a href="/admin/MasterModels/" class="section" title="Models in the Mastermodels application">Mastermodels</a>
        </caption>
        
          
            <tr class="model-centro">
              <th scope="row" id="MasterModels-centro">
                
                  <a href="/admin/MasterModels/centro/">GRAL - Centros</a>
                
              </th>

              
                <td><a href="/admin/MasterModels/centro/add/" class="addlink" aria-describedby="MasterModels-centro">Add</a></td>
              

              
                
                  <td><a href="/admin/MasterModels/centro/" class="changelink" aria-describedby="MasterModels-centro">Change</a></td>
                
              
            </tr>
          
        
          
            <tr class="model-cobertura">
              <th scope="row" id="MasterModels-cobertura">
                
                  <a href="/admin/MasterModels/cobertura/">GRAL - Coberturas</a>
                
              </th>

              
                <td><a href="/admin/MasterModels/cobertura/add/" class="addlink" aria-describedby="MasterModels-cobertura">Add</a></td>
              

              
                
                  <td><a href="/admin/MasterModels/cobertura/" class="changelink" aria-describedby="MasterModels-cobertura">Change</a></td>
                
              
            </tr>
          
        
          
            <tr class="model-especialidad">
              <th scope="row" id="MasterModels-especialidad">
                
                  <a href="/admin/MasterModels/especialidad/">GRAL - Especialidad</a>
                
              </th>

              
                <td><a href="/admin/MasterModels/especialidad/add/" class="addlink" aria-describedby="MasterModels-especialidad">Add</a></td>
              

              
                
                  <td><a href="/admin/MasterModels/especialidad/" class="changelink" aria-describedby="MasterModels-especialidad">Change</a></td>
                
              
            </tr>
          
        
          
            <tr class="model-persona">
              <th scope="row" id="MasterModels-persona">
                
                  <a href="/admin/MasterModels/persona/">GRAL - Personas</a>
                
              </th>

              
                <td><a href="/admin/MasterModels/persona/add/" class="addlink" aria-describedby="MasterModels-persona">Add</a></td>
              

              
                
                  <td><a href="/admin/MasterModels/persona/" class="changelink" aria-describedby="MasterModels-persona">Change</a></td>
                
              
            </tr>
          
        
          
            <tr class="model-coberturaplan">
              <th scope="row" id="MasterModels-coberturaplan">
                
                  <a href="/admin/MasterModels/coberturaplan/">GRAL - Planes por Cobertura</a>
                
              </th>

              
                <td><a href="/admin/MasterModels/coberturaplan/add/" class="addlink" aria-describedby="MasterModels-coberturaplan">Add</a></td>
              

              
                
                  <td><a href="/admin/MasterModels/coberturaplan/" class="changelink" aria-describedby="MasterModels-coberturaplan">Change</a></td>
                
              
            </tr>
          
        
          
            <tr class="model-especialidadpractica">
              <th scope="row" id="MasterModels-especialidadpractica">
                
                  <a href="/admin/MasterModels/especialidadpractica/">GRAL - Practica por Especialidad</a>
                
              </th>

              
                <td><a href="/admin/MasterModels/especialidadpractica/add/" class="addlink" aria-describedby="MasterModels-especialidadpractica">Add</a></td>
              

              
                
                  <td><a href="/admin/MasterModels/especialidadpractica/" class="changelink" aria-describedby="MasterModels-especialidadpractica">Change</a></td>
                
              
            </tr>
          
        
          
            <tr class="model-practica">
              <th scope="row" id="MasterModels-practica">
                
                  <a href="/admin/MasterModels/practica/">GRAL - Practicas</a>
                
              </th>

              
                <td><a href="/admin/MasterModels/practica/add/" class="addlink" aria-describedby="MasterModels-practica">Add</a></td>
              

              
                
                  <td><a href="/admin/MasterModels/practica/" class="changelink" aria-describedby="MasterModels-practica">Change</a></td>
                
              
            </tr>
          
        
          
            <tr class="model-practicaplan">
              <th scope="row" id="MasterModels-practicaplan">
                
                  <a href="/admin/MasterModels/practicaplan/">GRAL - Practicas por Plan</a>
                
              </th>

              
                <td><a href="/admin/MasterModels/practicaplan/add/" class="addlink" aria-describedby="MasterModels-practicaplan">Add</a></td>
              

              
                
                  <td><a href="/admin/MasterModels/practicaplan/" class="changelink" aria-describedby="MasterModels-practicaplan">Change</a></td>
                
              
            </tr>
          
        
      </table>
    </div>
  


</div>

          
<div id="content-related">
    <div class="module" id="recent-actions-module">
        <h2>Recent actions</h2>
        <h3>My actions</h3>
            
            
            
            <ul class="actionlist">
            
            <li class="addlink">
                <span class="visually-hidden">Added:</span>
                
                    <a href="/admin/MasterModels/practicaplan/2/change/">Plan 3000B, Consulta</a>
                
                <br>
                
                    <span class="mini quiet">Practica por Plan</span>
                
            </li>
            
            <li class="addlink">
                <span class="visually-hidden">Added:</span>
                
                    <a href="/admin/MasterModels/practicaplan/1/change/">Plan 3000B, Control</a>
                
                <br>
                
                    <span class="mini quiet">Practica por Plan</span>
                
            </li>
            
            <li class="addlink">
                <span class="visually-hidden">Added:</span>
                
                    <a href="/admin/MasterModels/coberturaplan/1/change/">Sancor Salud, Plan 3000B</a>
                
                <br>
                
                    <span class="mini quiet">Plan por Cobertura</span>
                
            </li>
            
            <li class="changelink">
                <span class="visually-hidden">Changed:</span>
                
                    <a href="/admin/MasterModels/cobertura/1/change/">SAN, Sancor Salud</a>
                
                <br>
                
                    <span class="mini quiet">Cobertura</span>
                
            </li>
            
            <li class="changelink">
                <span class="visually-hidden">Changed:</span>
                
                    <a href="/admin/MasterModels/cobertura/2/change/">OSD, OSDE Binario</a>
                
                <br>
                
                    <span class="mini quiet">Cobertura</span>
                
            </li>
            
            <li class="addlink">
                <span class="visually-hidden">Added:</span>
                
                    <a href="/admin/MasterModels/especialidadpractica/3/change/">Clinica Médica, Consulta</a>
                
                <br>
                
                    <span class="mini quiet">Practica por Especialidad</span>
                
            </li>
            
            <li class="addlink">
                <span class="visually-hidden">Added:</span>
                
                    <a href="/admin/MasterModels/especialidadpractica/2/change/">Odontologia, Consulta</a>
                
                <br>
                
                    <span class="mini quiet">Practica por Especialidad</span>
                
            </li>
            
            <li class="addlink">
                <span class="visually-hidden">Added:</span>
                
                    Control, Sancor Salud
                
                <br>
                
                    <span class="mini quiet">Coberturapractica</span>
                
            </li>
            
            <li class="addlink">
                <span class="visually-hidden">Added:</span>
                
                    <a href="/admin/MasterModels/cobertura/5/change/">MEF, Medife</a>
                
                <br>
                
                    <span class="mini quiet">Cobertura</span>
                
            </li>
            
            <li class="addlink">
                <span class="visually-hidden">Added:</span>
                
                    <a href="/admin/MasterModels/cobertura/4/change/">SWI, Swiss Medical</a>
                
                <br>
                
                    <span class="mini quiet">Cobertura</span>
                
            </li>
            
            </ul>
            
    </div>
</div>

          <br class="clear">
        </div>
        <!-- END Content -->
      </main>
    </div>
    <footer id="footer"></footer>
</div>
<!-- END Container -->

<!-- SVGs -->
<svg xmlns="http://www.w3.org/2000/svg" class="base-svgs">
  <symbol viewBox="0 0 24 24" width="1rem" height="1rem" id="icon-auto"><path d="M0 0h24v24H0z" fill="currentColor"/><path d="M12 22C6.477 22 2 17.523 2 12S6.477 2 12 2s10 4.477 10 10-4.477 10-10 10zm0-2V4a8 8 0 1 0 0 16z"/></symbol>
  <symbol viewBox="0 0 24 24" width="1rem" height="1rem" id="icon-moon"><path d="M0 0h24v24H0z" fill="currentColor"/><path d="M10 7a7 7 0 0 0 12 4.9v.1c0 5.523-4.477 10-10 10S2 17.523 2 12 6.477 2 12 2h.1A6.979 6.979 0 0 0 10 7zm-6 5a8 8 0 0 0 15.062 3.762A9 9 0 0 1 8.238 4.938 7.999 7.999 0 0 0 4 12z"/></symbol>
  <symbol viewBox="0 0 24 24" width="1rem" height="1rem" id="icon-sun"><path d="M0 0h24v24H0z" fill="currentColor"/><path d="M12 18a6 6 0 1 1 0-12 6 6 0 0 1 0 12zm0-2a4 4 0 1 0 0-8 4 4 0 0 0 0 8zM11 1h2v3h-2V1zm0 19h2v3h-2v-3zM3.515 4.929l1.414-1.414L7.05 5.636 5.636 7.05 3.515 4.93zM16.95 18.364l1.414-1.414 2.121 2.121-1.414 1.414-2.121-2.121zm2.121-14.85l1.414 1.415-2.121 2.121-1.414-1.414 2.121-2.121zM5.636 16.95l1.414 1.414-2.121 2.121-1.414-1.414 2.121-2.121zM23 11v2h-3v-2h3zM4 11v2H1v-2h3z"/></symbol>
</svg>
<!-- END SVGs -->
</body>
</html>

INFO - 2025-03-17 00:01:56,956 - basehttp - "GET /admin/ HTTP/1.1" 200 16141
